<?xml version="1.0" encoding="UTF-8"?>
<!-- Generated by org.testng.reporters.JUnitReportReporter -->
<testsuite hostname="DESKTOP-46JQOTB" failures="0" tests="1" name="NewTest" time="0.006" errors="0" timestamp="2021-09-09T13:55:55 BRT" skipped="0">
  <testcase classname="NewTest" name="f" time="0.006"/>
  <system-out/>
</testsuite> <!-- NewTest -->
