<?xml version="1.0" encoding="UTF-8"?>
<!-- Generated by org.testng.reporters.JUnitReportReporter -->
<testsuite skipped="0" hostname="DESKTOP-46JQOTB" name="automacao.LoginTest" tests="2" failures="0" timestamp="2021-11-01T03:03:50 BRT" time="5.449" errors="0">
  <testcase name="loginDenied" time="2.341" classname="automacao.LoginTest"/>
  <system-out/>
  <testcase name="loginSuccess" time="3.108" classname="automacao.LoginTest"/>
  <system-out/>
</testsuite> <!-- automacao.LoginTest -->
