<?xml version="1.0" encoding="UTF-8"?>
<!-- Generated by org.testng.reporters.JUnitReportReporter -->
<testsuite skipped="0" hostname="DESKTOP-46JQOTB" name="com.saucedemo.automacao.LoginTest" tests="1" failures="0" timestamp="2021-11-01T03:21:12 BRT" time="2.343" errors="0">
  <testcase name="loginDenied" time="2.343" classname="com.saucedemo.automacao.LoginTest"/>
  <system-out/>
</testsuite> <!-- com.saucedemo.automacao.LoginTest -->
