<?xml version="1.0" encoding="UTF-8"?>
<!-- Generated by org.testng.reporters.JUnitReportReporter -->
<testsuite skipped="0" hostname="DESKTOP-46JQOTB" name="automacao.testeCompra" tests="2" failures="0" timestamp="2021-11-01T02:37:13 BRT" time="5.851" errors="0">
  <testcase name="loginDenied" time="2.764" classname="automacao.testeCompra"/>
  <system-out/>
  <testcase name="loginSuccess" time="3.087" classname="automacao.testeCompra"/>
  <system-out/>
</testsuite> <!-- automacao.testeCompra -->
